  [1m[35m (476.5ms)[0m  [1m[35mCREATE DATABASE "HealthPalBackEnd_development" ENCODING = 'unicode'[0m
  ↳ /Users/marcusmellor/.rvm/rubies/ruby-2.6.1/lib/ruby/gems/2.6.0/gems/rake-12.3.2/lib/rake/task.rb:273
  [1m[35m (410.7ms)[0m  [1m[35mCREATE DATABASE "HealthPalBackEnd_test" ENCODING = 'unicode'[0m
  ↳ /Users/marcusmellor/.rvm/rubies/ruby-2.6.1/lib/ruby/gems/2.6.0/gems/rake-12.3.2/lib/rake/task.rb:273
  [1m[35m (34.6ms)[0m  [1m[35mCREATE TABLE "schema_migrations" ("version" character varying NOT NULL PRIMARY KEY)[0m
  ↳ /Users/marcusmellor/.rvm/rubies/ruby-2.6.1/lib/ruby/gems/2.6.0/gems/rake-12.3.2/lib/rake/task.rb:273
  [1m[35m (5.7ms)[0m  [1m[35mCREATE TABLE "ar_internal_metadata" ("key" character varying NOT NULL PRIMARY KEY, "value" character varying, "created_at" timestamp NOT NULL, "updated_at" timestamp NOT NULL)[0m
  ↳ /Users/marcusmellor/.rvm/rubies/ruby-2.6.1/lib/ruby/gems/2.6.0/gems/rake-12.3.2/lib/rake/task.rb:273
  [1m[35m (5.9ms)[0m  [1m[34mSELECT pg_try_advisory_lock(7029034214836965870)[0m
  ↳ /Users/marcusmellor/.rvm/rubies/ruby-2.6.1/lib/ruby/gems/2.6.0/gems/rake-12.3.2/lib/rake/task.rb:273
  [1m[35m (1.8ms)[0m  [1m[34mSELECT "schema_migrations"."version" FROM "schema_migrations" ORDER BY "schema_migrations"."version" ASC[0m
  ↳ /Users/marcusmellor/.rvm/rubies/ruby-2.6.1/lib/ruby/gems/2.6.0/gems/rake-12.3.2/lib/rake/task.rb:273
Migrating to Initial (20190717102244)
  [1m[35m (5.1ms)[0m  [1m[35mBEGIN[0m
  ↳ /Users/marcusmellor/.rvm/rubies/ruby-2.6.1/lib/ruby/gems/2.6.0/gems/rake-12.3.2/lib/rake/task.rb:273
  [1m[35m (14.5ms)[0m  [1m[35mCREATE TABLE "users" ("id" bigserial primary key, "user_name" character varying, "password_digest" character varying, "name" character varying, "dob" timestamp, "height_cm" integer, "gender" character varying, "created_at" timestamp NOT NULL, "updated_at" timestamp NOT NULL)[0m
  ↳ db/migrate/20190717102244_initial.rb:4
  [1m[35m (5.4ms)[0m  [1m[35mCREATE TABLE "weights" ("id" bigserial primary key, "user_id" integer, "weight_kg" float, "weight_units" float, "weight_uom" character varying, "weight_date" timestamp, "created_at" timestamp NOT NULL, "updated_at" timestamp NOT NULL)[0m
  ↳ db/migrate/20190717102244_initial.rb:14
  [1m[35m (3.7ms)[0m  [1m[35mCREATE TABLE "activity" ("id" bigserial primary key, "detail" character varying, "activity_date" timestamp, "user_id" integer, "activity_type_id" integer, "created_at" timestamp NOT NULL, "updated_at" timestamp NOT NULL)[0m
  ↳ db/migrate/20190717102244_initial.rb:23
  [1m[35m (3.5ms)[0m  [1m[35mCREATE TABLE "activity_details" ("id" bigserial primary key, "name" character varying, "duration_min" integer, "photo_thumb" character varying, "unit_calories" float, "activity_id" integer, "created_at" timestamp NOT NULL, "updated_at" timestamp NOT NULL)[0m
  ↳ db/migrate/20190717102244_initial.rb:31
  [1m[35m (7.6ms)[0m  [1m[35mCREATE TABLE "inputs" ("id" bigserial primary key, "detail" character varying, "user_id" integer, "input_date" timestamp, "input_type_id" integer, "created_at" timestamp NOT NULL, "updated_at" timestamp NOT NULL)[0m
  ↳ db/migrate/20190717102244_initial.rb:40
  [1m[35m (3.6ms)[0m  [1m[35mCREATE TABLE "input_details" ("id" bigserial primary key, "name" character varying, "serving_unit" integer, "serving_qty" integer, "unit_grams" integer, "unit_calories" float, "photo_thumb" character varying, "input_id" integer, "created_at" timestamp NOT NULL, "updated_at" timestamp NOT NULL)[0m
  ↳ db/migrate/20190717102244_initial.rb:48
  [1m[35m (3.1ms)[0m  [1m[35mCREATE TABLE "activity_types" ("id" bigserial primary key, "detail" character varying, "image" character varying, "created_at" timestamp NOT NULL, "updated_at" timestamp NOT NULL)[0m
  ↳ db/migrate/20190717102244_initial.rb:59
  [1m[35m (5.6ms)[0m  [1m[35mCREATE TABLE "input_types" ("id" bigserial primary key, "detail" character varying, "image" character varying, "created_at" timestamp NOT NULL, "updated_at" timestamp NOT NULL)[0m
  ↳ db/migrate/20190717102244_initial.rb:65
  [1m[36mActiveRecord::SchemaMigration Create (2.4ms)[0m  [1m[32mINSERT INTO "schema_migrations" ("version") VALUES ($1) RETURNING "version"[0m  [["version", "20190717102244"]]
  ↳ /Users/marcusmellor/.rvm/rubies/ruby-2.6.1/lib/ruby/gems/2.6.0/gems/rake-12.3.2/lib/rake/task.rb:273
  [1m[35m (0.9ms)[0m  [1m[35mCOMMIT[0m
  ↳ /Users/marcusmellor/.rvm/rubies/ruby-2.6.1/lib/ruby/gems/2.6.0/gems/rake-12.3.2/lib/rake/task.rb:273
  [1m[36mActiveRecord::InternalMetadata Load (0.3ms)[0m  [1m[34mSELECT  "ar_internal_metadata".* FROM "ar_internal_metadata" WHERE "ar_internal_metadata"."key" = $1 LIMIT $2[0m  [["key", "environment"], ["LIMIT", 1]]
  ↳ /Users/marcusmellor/.rvm/rubies/ruby-2.6.1/lib/ruby/gems/2.6.0/gems/rake-12.3.2/lib/rake/task.rb:273
  [1m[35m (0.1ms)[0m  [1m[35mBEGIN[0m
  ↳ /Users/marcusmellor/.rvm/rubies/ruby-2.6.1/lib/ruby/gems/2.6.0/gems/rake-12.3.2/lib/rake/task.rb:273
  [1m[36mActiveRecord::InternalMetadata Create (1.3ms)[0m  [1m[32mINSERT INTO "ar_internal_metadata" ("key", "value", "created_at", "updated_at") VALUES ($1, $2, $3, $4) RETURNING "key"[0m  [["key", "environment"], ["value", "development"], ["created_at", "2019-07-17 10:40:11.005648"], ["updated_at", "2019-07-17 10:40:11.005648"]]
  ↳ /Users/marcusmellor/.rvm/rubies/ruby-2.6.1/lib/ruby/gems/2.6.0/gems/rake-12.3.2/lib/rake/task.rb:273
  [1m[35m (0.3ms)[0m  [1m[35mCOMMIT[0m
  ↳ /Users/marcusmellor/.rvm/rubies/ruby-2.6.1/lib/ruby/gems/2.6.0/gems/rake-12.3.2/lib/rake/task.rb:273
  [1m[35m (0.2ms)[0m  [1m[34mSELECT pg_advisory_unlock(7029034214836965870)[0m
  ↳ /Users/marcusmellor/.rvm/rubies/ruby-2.6.1/lib/ruby/gems/2.6.0/gems/rake-12.3.2/lib/rake/task.rb:273
  [1m[35m (0.6ms)[0m  [1m[34mSELECT "schema_migrations"."version" FROM "schema_migrations" ORDER BY "schema_migrations"."version" ASC[0m
  ↳ /Users/marcusmellor/.rvm/rubies/ruby-2.6.1/lib/ruby/gems/2.6.0/gems/rake-12.3.2/lib/rake/task.rb:273
  [1m[36mUser Load (1.7ms)[0m  [1m[34mSELECT  "users".* FROM "users" LIMIT $1[0m  [["LIMIT", 11]]
  [1m[36mActivityDetail Load (1.4ms)[0m  [1m[34mSELECT  "activity_details".* FROM "activity_details" LIMIT $1[0m  [["LIMIT", 11]]
  [1m[36mActivityType Load (1.1ms)[0m  [1m[34mSELECT  "activity_types".* FROM "activity_types" LIMIT $1[0m  [["LIMIT", 11]]
  [1m[35m (1.5ms)[0m  [1m[34mSELECT "schema_migrations"."version" FROM "schema_migrations" ORDER BY "schema_migrations"."version" ASC[0m
  ↳ /Users/marcusmellor/.rvm/rubies/ruby-2.6.1/lib/ruby/gems/2.6.0/gems/rake-12.3.2/lib/rake/task.rb:273
  [1m[35m (4.3ms)[0m  [1m[34mSELECT "ar_internal_metadata"."value" FROM "ar_internal_metadata" WHERE "ar_internal_metadata"."key" = $1[0m  [["key", "environment"]]
  ↳ /Users/marcusmellor/.rvm/rubies/ruby-2.6.1/lib/ruby/gems/2.6.0/gems/rake-12.3.2/lib/rake/task.rb:273
  [1m[35m (0.3ms)[0m  [1m[34mSELECT "schema_migrations"."version" FROM "schema_migrations" ORDER BY "schema_migrations"."version" ASC[0m
  ↳ /Users/marcusmellor/.rvm/rubies/ruby-2.6.1/lib/ruby/gems/2.6.0/gems/rake-12.3.2/lib/rake/task.rb:273
  [1m[35m (0.3ms)[0m  [1m[34mSELECT "ar_internal_metadata"."value" FROM "ar_internal_metadata" WHERE "ar_internal_metadata"."key" = $1[0m  [["key", "environment"]]
  ↳ /Users/marcusmellor/.rvm/rubies/ruby-2.6.1/lib/ruby/gems/2.6.0/gems/rake-12.3.2/lib/rake/task.rb:273
  [1m[35m (0.4ms)[0m  [1m[34mSELECT "schema_migrations"."version" FROM "schema_migrations" ORDER BY "schema_migrations"."version" ASC[0m
  ↳ /Users/marcusmellor/.rvm/rubies/ruby-2.6.1/lib/ruby/gems/2.6.0/gems/rake-12.3.2/lib/rake/task.rb:273
  [1m[35m (0.4ms)[0m  [1m[34mSELECT "ar_internal_metadata"."value" FROM "ar_internal_metadata" WHERE "ar_internal_metadata"."key" = $1[0m  [["key", "environment"]]
  ↳ /Users/marcusmellor/.rvm/rubies/ruby-2.6.1/lib/ruby/gems/2.6.0/gems/rake-12.3.2/lib/rake/task.rb:273
  [1m[35m (221.0ms)[0m  [1m[35mDROP DATABASE IF EXISTS "HealthPalBackEnd_development"[0m
  ↳ /Users/marcusmellor/.rvm/rubies/ruby-2.6.1/lib/ruby/gems/2.6.0/gems/rake-12.3.2/lib/rake/task.rb:273
  [1m[35m (207.9ms)[0m  [1m[35mDROP DATABASE IF EXISTS "HealthPalBackEnd_test"[0m
  ↳ /Users/marcusmellor/.rvm/rubies/ruby-2.6.1/lib/ruby/gems/2.6.0/gems/rake-12.3.2/lib/rake/task.rb:273
  [1m[35m (537.6ms)[0m  [1m[35mCREATE DATABASE "HealthPalBackEnd_development" ENCODING = 'unicode'[0m
  ↳ /Users/marcusmellor/.rvm/rubies/ruby-2.6.1/lib/ruby/gems/2.6.0/gems/rake-12.3.2/lib/rake/task.rb:273
  [1m[35m (428.5ms)[0m  [1m[35mCREATE DATABASE "HealthPalBackEnd_test" ENCODING = 'unicode'[0m
  ↳ /Users/marcusmellor/.rvm/rubies/ruby-2.6.1/lib/ruby/gems/2.6.0/gems/rake-12.3.2/lib/rake/task.rb:273
  [1m[35m (11.6ms)[0m  [1m[35mCREATE TABLE "schema_migrations" ("version" character varying NOT NULL PRIMARY KEY)[0m
  ↳ /Users/marcusmellor/.rvm/rubies/ruby-2.6.1/lib/ruby/gems/2.6.0/gems/rake-12.3.2/lib/rake/task.rb:273
  [1m[35m (4.9ms)[0m  [1m[35mCREATE TABLE "ar_internal_metadata" ("key" character varying NOT NULL PRIMARY KEY, "value" character varying, "created_at" timestamp NOT NULL, "updated_at" timestamp NOT NULL)[0m
  ↳ /Users/marcusmellor/.rvm/rubies/ruby-2.6.1/lib/ruby/gems/2.6.0/gems/rake-12.3.2/lib/rake/task.rb:273
  [1m[35m (0.5ms)[0m  [1m[34mSELECT pg_try_advisory_lock(7029034214836965870)[0m
  ↳ /Users/marcusmellor/.rvm/rubies/ruby-2.6.1/lib/ruby/gems/2.6.0/gems/rake-12.3.2/lib/rake/task.rb:273
  [1m[35m (0.7ms)[0m  [1m[34mSELECT "schema_migrations"."version" FROM "schema_migrations" ORDER BY "schema_migrations"."version" ASC[0m
  ↳ /Users/marcusmellor/.rvm/rubies/ruby-2.6.1/lib/ruby/gems/2.6.0/gems/rake-12.3.2/lib/rake/task.rb:273
Migrating to Initial (20190717102244)
  [1m[35m (0.3ms)[0m  [1m[35mBEGIN[0m
  ↳ /Users/marcusmellor/.rvm/rubies/ruby-2.6.1/lib/ruby/gems/2.6.0/gems/rake-12.3.2/lib/rake/task.rb:273
  [1m[35m (15.2ms)[0m  [1m[35mCREATE TABLE "users" ("id" bigserial primary key, "user_name" character varying, "password_digest" character varying, "name" character varying, "dob" timestamp, "height_cm" integer, "gender" character varying, "created_at" timestamp NOT NULL, "updated_at" timestamp NOT NULL)[0m
  ↳ db/migrate/20190717102244_initial.rb:4
  [1m[35m (4.1ms)[0m  [1m[35mCREATE TABLE "weights" ("id" bigserial primary key, "user_id" integer, "weight_kg" float, "weight_units" float, "weight_uom" character varying, "weight_date" timestamp, "created_at" timestamp NOT NULL, "updated_at" timestamp NOT NULL)[0m
  ↳ db/migrate/20190717102244_initial.rb:14
  [1m[35m (4.4ms)[0m  [1m[35mCREATE TABLE "activity" ("id" bigserial primary key, "detail" character varying, "activity_date" timestamp, "user_id" integer, "activity_type_id" integer, "created_at" timestamp NOT NULL, "updated_at" timestamp NOT NULL)[0m
  ↳ db/migrate/20190717102244_initial.rb:23
  [1m[35m (5.3ms)[0m  [1m[35mCREATE TABLE "activity_details" ("id" bigserial primary key, "name" character varying, "duration_min" integer, "photo_thumb" character varying, "unit_calories" float, "activity_id" integer, "created_at" timestamp NOT NULL, "updated_at" timestamp NOT NULL)[0m
  ↳ db/migrate/20190717102244_initial.rb:31
  [1m[35m (6.4ms)[0m  [1m[35mCREATE TABLE "inputs" ("id" bigserial primary key, "detail" character varying, "user_id" integer, "input_date" timestamp, "input_type_id" integer, "created_at" timestamp NOT NULL, "updated_at" timestamp NOT NULL)[0m
  ↳ db/migrate/20190717102244_initial.rb:40
  [1m[35m (5.1ms)[0m  [1m[35mCREATE TABLE "input_details" ("id" bigserial primary key, "name" character varying, "serving_unit" integer, "serving_qty" integer, "unit_grams" integer, "unit_calories" float, "photo_thumb" character varying, "input_id" integer, "created_at" timestamp NOT NULL, "updated_at" timestamp NOT NULL)[0m
  ↳ db/migrate/20190717102244_initial.rb:48
  [1m[35m (4.8ms)[0m  [1m[35mCREATE TABLE "activity_types" ("id" bigserial primary key, "detail" character varying, "image" character varying, "created_at" timestamp NOT NULL, "updated_at" timestamp NOT NULL)[0m
  ↳ db/migrate/20190717102244_initial.rb:59
  [1m[35m (5.1ms)[0m  [1m[35mCREATE TABLE "input_types" ("id" bigserial primary key, "detail" character varying, "image" character varying, "created_at" timestamp NOT NULL, "updated_at" timestamp NOT NULL)[0m
  ↳ db/migrate/20190717102244_initial.rb:65
  [1m[36mActiveRecord::SchemaMigration Create (0.5ms)[0m  [1m[32mINSERT INTO "schema_migrations" ("version") VALUES ($1) RETURNING "version"[0m  [["version", "20190717102244"]]
  ↳ /Users/marcusmellor/.rvm/rubies/ruby-2.6.1/lib/ruby/gems/2.6.0/gems/rake-12.3.2/lib/rake/task.rb:273
  [1m[35m (0.5ms)[0m  [1m[35mCOMMIT[0m
  ↳ /Users/marcusmellor/.rvm/rubies/ruby-2.6.1/lib/ruby/gems/2.6.0/gems/rake-12.3.2/lib/rake/task.rb:273
  [1m[36mActiveRecord::InternalMetadata Load (0.5ms)[0m  [1m[34mSELECT  "ar_internal_metadata".* FROM "ar_internal_metadata" WHERE "ar_internal_metadata"."key" = $1 LIMIT $2[0m  [["key", "environment"], ["LIMIT", 1]]
  ↳ /Users/marcusmellor/.rvm/rubies/ruby-2.6.1/lib/ruby/gems/2.6.0/gems/rake-12.3.2/lib/rake/task.rb:273
  [1m[35m (0.2ms)[0m  [1m[35mBEGIN[0m
  ↳ /Users/marcusmellor/.rvm/rubies/ruby-2.6.1/lib/ruby/gems/2.6.0/gems/rake-12.3.2/lib/rake/task.rb:273
  [1m[36mActiveRecord::InternalMetadata Create (0.4ms)[0m  [1m[32mINSERT INTO "ar_internal_metadata" ("key", "value", "created_at", "updated_at") VALUES ($1, $2, $3, $4) RETURNING "key"[0m  [["key", "environment"], ["value", "development"], ["created_at", "2019-07-17 14:38:31.286252"], ["updated_at", "2019-07-17 14:38:31.286252"]]
  ↳ /Users/marcusmellor/.rvm/rubies/ruby-2.6.1/lib/ruby/gems/2.6.0/gems/rake-12.3.2/lib/rake/task.rb:273
  [1m[35m (0.4ms)[0m  [1m[35mCOMMIT[0m
  ↳ /Users/marcusmellor/.rvm/rubies/ruby-2.6.1/lib/ruby/gems/2.6.0/gems/rake-12.3.2/lib/rake/task.rb:273
  [1m[35m (0.2ms)[0m  [1m[34mSELECT pg_advisory_unlock(7029034214836965870)[0m
  ↳ /Users/marcusmellor/.rvm/rubies/ruby-2.6.1/lib/ruby/gems/2.6.0/gems/rake-12.3.2/lib/rake/task.rb:273
  [1m[35m (0.2ms)[0m  [1m[34mSELECT "schema_migrations"."version" FROM "schema_migrations" ORDER BY "schema_migrations"."version" ASC[0m
  ↳ /Users/marcusmellor/.rvm/rubies/ruby-2.6.1/lib/ruby/gems/2.6.0/gems/rake-12.3.2/lib/rake/task.rb:273
  [1m[35m (1.5ms)[0m  [1m[34mSELECT "schema_migrations"."version" FROM "schema_migrations" ORDER BY "schema_migrations"."version" ASC[0m
  ↳ /Users/marcusmellor/.rvm/rubies/ruby-2.6.1/lib/ruby/gems/2.6.0/gems/rake-12.3.2/lib/rake/task.rb:273
  [1m[35m (0.6ms)[0m  [1m[34mSELECT "ar_internal_metadata"."value" FROM "ar_internal_metadata" WHERE "ar_internal_metadata"."key" = $1[0m  [["key", "environment"]]
  ↳ /Users/marcusmellor/.rvm/rubies/ruby-2.6.1/lib/ruby/gems/2.6.0/gems/rake-12.3.2/lib/rake/task.rb:273
  [1m[35m (0.4ms)[0m  [1m[34mSELECT "schema_migrations"."version" FROM "schema_migrations" ORDER BY "schema_migrations"."version" ASC[0m
  ↳ /Users/marcusmellor/.rvm/rubies/ruby-2.6.1/lib/ruby/gems/2.6.0/gems/rake-12.3.2/lib/rake/task.rb:273
  [1m[35m (0.3ms)[0m  [1m[34mSELECT "ar_internal_metadata"."value" FROM "ar_internal_metadata" WHERE "ar_internal_metadata"."key" = $1[0m  [["key", "environment"]]
  ↳ /Users/marcusmellor/.rvm/rubies/ruby-2.6.1/lib/ruby/gems/2.6.0/gems/rake-12.3.2/lib/rake/task.rb:273
  [1m[35m (0.3ms)[0m  [1m[34mSELECT "schema_migrations"."version" FROM "schema_migrations" ORDER BY "schema_migrations"."version" ASC[0m
  ↳ /Users/marcusmellor/.rvm/rubies/ruby-2.6.1/lib/ruby/gems/2.6.0/gems/rake-12.3.2/lib/rake/task.rb:273
  [1m[35m (0.3ms)[0m  [1m[34mSELECT "ar_internal_metadata"."value" FROM "ar_internal_metadata" WHERE "ar_internal_metadata"."key" = $1[0m  [["key", "environment"]]
  ↳ /Users/marcusmellor/.rvm/rubies/ruby-2.6.1/lib/ruby/gems/2.6.0/gems/rake-12.3.2/lib/rake/task.rb:273
  [1m[35m (206.1ms)[0m  [1m[35mDROP DATABASE IF EXISTS "HealthPalBackEnd_development"[0m
  ↳ /Users/marcusmellor/.rvm/rubies/ruby-2.6.1/lib/ruby/gems/2.6.0/gems/rake-12.3.2/lib/rake/task.rb:273
  [1m[35m (191.7ms)[0m  [1m[35mDROP DATABASE IF EXISTS "HealthPalBackEnd_test"[0m
  ↳ /Users/marcusmellor/.rvm/rubies/ruby-2.6.1/lib/ruby/gems/2.6.0/gems/rake-12.3.2/lib/rake/task.rb:273
  [1m[35m (444.4ms)[0m  [1m[35mCREATE DATABASE "HealthPalBackEnd_development" ENCODING = 'unicode'[0m
  ↳ /Users/marcusmellor/.rvm/rubies/ruby-2.6.1/lib/ruby/gems/2.6.0/gems/rake-12.3.2/lib/rake/task.rb:273
  [1m[35m (385.0ms)[0m  [1m[35mCREATE DATABASE "HealthPalBackEnd_test" ENCODING = 'unicode'[0m
  ↳ /Users/marcusmellor/.rvm/rubies/ruby-2.6.1/lib/ruby/gems/2.6.0/gems/rake-12.3.2/lib/rake/task.rb:273
  [1m[35m (4.9ms)[0m  [1m[35mCREATE TABLE "schema_migrations" ("version" character varying NOT NULL PRIMARY KEY)[0m
  ↳ /Users/marcusmellor/.rvm/rubies/ruby-2.6.1/lib/ruby/gems/2.6.0/gems/rake-12.3.2/lib/rake/task.rb:273
  [1m[35m (4.6ms)[0m  [1m[35mCREATE TABLE "ar_internal_metadata" ("key" character varying NOT NULL PRIMARY KEY, "value" character varying, "created_at" timestamp NOT NULL, "updated_at" timestamp NOT NULL)[0m
  ↳ /Users/marcusmellor/.rvm/rubies/ruby-2.6.1/lib/ruby/gems/2.6.0/gems/rake-12.3.2/lib/rake/task.rb:273
  [1m[35m (0.3ms)[0m  [1m[34mSELECT pg_try_advisory_lock(7029034214836965870)[0m
  ↳ /Users/marcusmellor/.rvm/rubies/ruby-2.6.1/lib/ruby/gems/2.6.0/gems/rake-12.3.2/lib/rake/task.rb:273
  [1m[35m (0.7ms)[0m  [1m[34mSELECT "schema_migrations"."version" FROM "schema_migrations" ORDER BY "schema_migrations"."version" ASC[0m
  ↳ /Users/marcusmellor/.rvm/rubies/ruby-2.6.1/lib/ruby/gems/2.6.0/gems/rake-12.3.2/lib/rake/task.rb:273
Migrating to Initial (20190717102244)
  [1m[35m (0.2ms)[0m  [1m[35mBEGIN[0m
  ↳ /Users/marcusmellor/.rvm/rubies/ruby-2.6.1/lib/ruby/gems/2.6.0/gems/rake-12.3.2/lib/rake/task.rb:273
  [1m[35m (7.4ms)[0m  [1m[35mCREATE TABLE "users" ("id" bigserial primary key, "user_name" character varying, "password_digest" character varying, "name" character varying, "dob" timestamp, "height_cm" integer, "gender" character varying, "created_at" timestamp NOT NULL, "updated_at" timestamp NOT NULL)[0m
  ↳ db/migrate/20190717102244_initial.rb:4
  [1m[35m (4.5ms)[0m  [1m[35mCREATE TABLE "weights" ("id" bigserial primary key, "user_id" integer, "weight_kg" float, "weight_units" float, "weight_uom" character varying, "weight_date" timestamp, "created_at" timestamp NOT NULL, "updated_at" timestamp NOT NULL)[0m
  ↳ db/migrate/20190717102244_initial.rb:14
  [1m[35m (3.8ms)[0m  [1m[35mCREATE TABLE "activities" ("id" bigserial primary key, "detail" character varying, "activity_date" timestamp, "user_id" integer, "activity_type_id" integer, "created_at" timestamp NOT NULL, "updated_at" timestamp NOT NULL)[0m
  ↳ db/migrate/20190717102244_initial.rb:23
  [1m[35m (4.3ms)[0m  [1m[35mCREATE TABLE "activity_details" ("id" bigserial primary key, "name" character varying, "duration_min" integer, "photo_thumb" character varying, "unit_calories" float, "activity_id" integer, "created_at" timestamp NOT NULL, "updated_at" timestamp NOT NULL)[0m
  ↳ db/migrate/20190717102244_initial.rb:31
  [1m[35m (4.8ms)[0m  [1m[35mCREATE TABLE "inputs" ("id" bigserial primary key, "detail" character varying, "user_id" integer, "input_date" timestamp, "input_type_id" integer, "created_at" timestamp NOT NULL, "updated_at" timestamp NOT NULL)[0m
  ↳ db/migrate/20190717102244_initial.rb:40
  [1m[35m (4.5ms)[0m  [1m[35mCREATE TABLE "input_details" ("id" bigserial primary key, "name" character varying, "serving_unit" integer, "serving_qty" integer, "unit_grams" integer, "unit_calories" float, "photo_thumb" character varying, "input_id" integer, "created_at" timestamp NOT NULL, "updated_at" timestamp NOT NULL)[0m
  ↳ db/migrate/20190717102244_initial.rb:48
  [1m[35m (4.1ms)[0m  [1m[35mCREATE TABLE "activity_types" ("id" bigserial primary key, "detail" character varying, "image" character varying, "created_at" timestamp NOT NULL, "updated_at" timestamp NOT NULL)[0m
  ↳ db/migrate/20190717102244_initial.rb:59
  [1m[35m (13.7ms)[0m  [1m[35mCREATE TABLE "input_types" ("id" bigserial primary key, "detail" character varying, "image" character varying, "created_at" timestamp NOT NULL, "updated_at" timestamp NOT NULL)[0m
  ↳ db/migrate/20190717102244_initial.rb:65
  [1m[36mActiveRecord::SchemaMigration Create (0.7ms)[0m  [1m[32mINSERT INTO "schema_migrations" ("version") VALUES ($1) RETURNING "version"[0m  [["version", "20190717102244"]]
  ↳ /Users/marcusmellor/.rvm/rubies/ruby-2.6.1/lib/ruby/gems/2.6.0/gems/rake-12.3.2/lib/rake/task.rb:273
  [1m[35m (1.7ms)[0m  [1m[35mCOMMIT[0m
  ↳ /Users/marcusmellor/.rvm/rubies/ruby-2.6.1/lib/ruby/gems/2.6.0/gems/rake-12.3.2/lib/rake/task.rb:273
  [1m[36mActiveRecord::InternalMetadata Load (0.4ms)[0m  [1m[34mSELECT  "ar_internal_metadata".* FROM "ar_internal_metadata" WHERE "ar_internal_metadata"."key" = $1 LIMIT $2[0m  [["key", "environment"], ["LIMIT", 1]]
  ↳ /Users/marcusmellor/.rvm/rubies/ruby-2.6.1/lib/ruby/gems/2.6.0/gems/rake-12.3.2/lib/rake/task.rb:273
  [1m[35m (0.2ms)[0m  [1m[35mBEGIN[0m
  ↳ /Users/marcusmellor/.rvm/rubies/ruby-2.6.1/lib/ruby/gems/2.6.0/gems/rake-12.3.2/lib/rake/task.rb:273
  [1m[36mActiveRecord::InternalMetadata Create (0.5ms)[0m  [1m[32mINSERT INTO "ar_internal_metadata" ("key", "value", "created_at", "updated_at") VALUES ($1, $2, $3, $4) RETURNING "key"[0m  [["key", "environment"], ["value", "development"], ["created_at", "2019-07-17 14:39:28.045450"], ["updated_at", "2019-07-17 14:39:28.045450"]]
  ↳ /Users/marcusmellor/.rvm/rubies/ruby-2.6.1/lib/ruby/gems/2.6.0/gems/rake-12.3.2/lib/rake/task.rb:273
  [1m[35m (0.4ms)[0m  [1m[35mCOMMIT[0m
  ↳ /Users/marcusmellor/.rvm/rubies/ruby-2.6.1/lib/ruby/gems/2.6.0/gems/rake-12.3.2/lib/rake/task.rb:273
  [1m[35m (0.4ms)[0m  [1m[34mSELECT pg_advisory_unlock(7029034214836965870)[0m
  ↳ /Users/marcusmellor/.rvm/rubies/ruby-2.6.1/lib/ruby/gems/2.6.0/gems/rake-12.3.2/lib/rake/task.rb:273
  [1m[35m (0.4ms)[0m  [1m[34mSELECT "schema_migrations"."version" FROM "schema_migrations" ORDER BY "schema_migrations"."version" ASC[0m
  ↳ /Users/marcusmellor/.rvm/rubies/ruby-2.6.1/lib/ruby/gems/2.6.0/gems/rake-12.3.2/lib/rake/task.rb:273
  [1m[36mActivity Load (0.5ms)[0m  [1m[34mSELECT  "activities".* FROM "activities" LIMIT $1[0m  [["LIMIT", 11]]
  [1m[36mUser Load (1.1ms)[0m  [1m[34mSELECT  "users".* FROM "users" LIMIT $1[0m  [["LIMIT", 11]]
  [1m[36mWeight Load (2.2ms)[0m  [1m[34mSELECT  "weights".* FROM "weights" LIMIT $1[0m  [["LIMIT", 11]]
  [1m[36mInput Load (2.5ms)[0m  [1m[34mSELECT  "inputs".* FROM "inputs" LIMIT $1[0m  [["LIMIT", 11]]
  [1m[35m (0.3ms)[0m  [1m[35mBEGIN[0m
  [1m[36mUser Exists (1.4ms)[0m  [1m[34mSELECT  1 AS one FROM "users" WHERE LOWER("users"."user_name") = LOWER($1) LIMIT $2[0m  [["user_name", "marcus"], ["LIMIT", 1]]
  [1m[35m (0.2ms)[0m  [1m[31mROLLBACK[0m
  [1m[35m (0.3ms)[0m  [1m[35mBEGIN[0m
  [1m[36mUser Exists (0.6ms)[0m  [1m[34mSELECT  1 AS one FROM "users" WHERE LOWER("users"."user_name") = LOWER($1) LIMIT $2[0m  [["user_name", "marcus"], ["LIMIT", 1]]
  [1m[35m (0.2ms)[0m  [1m[31mROLLBACK[0m
  [1m[35m (0.2ms)[0m  [1m[35mBEGIN[0m
  [1m[36mUser Exists (0.4ms)[0m  [1m[34mSELECT  1 AS one FROM "users" WHERE LOWER("users"."user_name") = LOWER($1) LIMIT $2[0m  [["user_name", "marcus"], ["LIMIT", 1]]
  [1m[36mUser Create (2.0ms)[0m  [1m[32mINSERT INTO "users" ("user_name", "password_digest", "name", "created_at", "updated_at") VALUES ($1, $2, $3, $4, $5) RETURNING "id"[0m  [["user_name", "marcus"], ["password_digest", "$2a$12$Dk7Iy1ADbfbljRCH3fupfuzJYCeREIGvRa4mLSnGol2bk7AhTvYUq"], ["name", "marcus"], ["created_at", "2019-07-17 14:44:03.146876"], ["updated_at", "2019-07-17 14:44:03.146876"]]
  [1m[35m (0.4ms)[0m  [1m[35mCOMMIT[0m
Started GET "/" for ::1 at 2019-07-17 15:46:55 +0100
  [1m[35m (1.3ms)[0m  [1m[34mSELECT "schema_migrations"."version" FROM "schema_migrations" ORDER BY "schema_migrations"."version" ASC[0m
  ↳ /Users/marcusmellor/.rvm/gems/ruby-2.6.1/gems/activerecord-5.2.3/lib/active_record/log_subscriber.rb:98
Processing by Rails::WelcomeController#index as HTML
  Rendering /Users/marcusmellor/.rvm/gems/ruby-2.6.1/gems/railties-5.2.3/lib/rails/templates/rails/welcome/index.html.erb
  Rendered /Users/marcusmellor/.rvm/gems/ruby-2.6.1/gems/railties-5.2.3/lib/rails/templates/rails/welcome/index.html.erb (3.0ms)
Completed 200 OK in 12ms (Views: 9.7ms | ActiveRecord: 0.0ms)


Started GET "/users" for ::1 at 2019-07-17 15:47:01 +0100
  
ActionController::RoutingError (No route matches [GET] "/users"):
  
actionpack (5.2.3) lib/action_dispatch/middleware/debug_exceptions.rb:65:in `call'
actionpack (5.2.3) lib/action_dispatch/middleware/show_exceptions.rb:33:in `call'
railties (5.2.3) lib/rails/rack/logger.rb:38:in `call_app'
railties (5.2.3) lib/rails/rack/logger.rb:26:in `block in call'
activesupport (5.2.3) lib/active_support/tagged_logging.rb:71:in `block in tagged'
activesupport (5.2.3) lib/active_support/tagged_logging.rb:28:in `tagged'
activesupport (5.2.3) lib/active_support/tagged_logging.rb:71:in `tagged'
railties (5.2.3) lib/rails/rack/logger.rb:26:in `call'
actionpack (5.2.3) lib/action_dispatch/middleware/remote_ip.rb:81:in `call'
actionpack (5.2.3) lib/action_dispatch/middleware/request_id.rb:27:in `call'
rack (2.0.7) lib/rack/runtime.rb:22:in `call'
activesupport (5.2.3) lib/active_support/cache/strategy/local_cache_middleware.rb:29:in `call'
actionpack (5.2.3) lib/action_dispatch/middleware/executor.rb:14:in `call'
actionpack (5.2.3) lib/action_dispatch/middleware/static.rb:127:in `call'
rack (2.0.7) lib/rack/sendfile.rb:111:in `call'
railties (5.2.3) lib/rails/engine.rb:524:in `call'
puma (3.12.1) lib/puma/configuration.rb:227:in `call'
puma (3.12.1) lib/puma/server.rb:660:in `handle_request'
puma (3.12.1) lib/puma/server.rb:474:in `process_client'
puma (3.12.1) lib/puma/server.rb:334:in `block in run'
puma (3.12.1) lib/puma/thread_pool.rb:135:in `block in spawn_thread'
Started GET "/users/1" for ::1 at 2019-07-17 15:47:09 +0100
Processing by UsersController#show as HTML
  Parameters: {"id"=>"1"}
Completed 204 No Content in 0ms (ActiveRecord: 0.0ms)


Started GET "/users/marcus" for ::1 at 2019-07-17 15:47:17 +0100
Processing by UsersController#show as HTML
  Parameters: {"id"=>"marcus"}
Completed 204 No Content in 0ms (ActiveRecord: 0.0ms)


Started GET "/users/marcus" for ::1 at 2019-07-17 15:50:03 +0100
Processing by UsersController#show as HTML
  Parameters: {"id"=>"marcus"}
  [1m[36mUser Load (59.1ms)[0m  [1m[34mSELECT  "users".* FROM "users" WHERE (user_name='marcus') ORDER BY "users"."id" ASC LIMIT $1[0m  [["LIMIT", 1]]
  ↳ app/controllers/users_controller.rb:5
Completed 200 OK in 87ms (Views: 2.5ms | ActiveRecord: 66.3ms)


Started GET "/users/marcus" for ::1 at 2019-07-17 15:50:21 +0100
Processing by UsersController#show as */*
  Parameters: {"id"=>"marcus"}
  [1m[36mUser Load (0.5ms)[0m  [1m[34mSELECT  "users".* FROM "users" WHERE (user_name='marcus') ORDER BY "users"."id" ASC LIMIT $1[0m  [["LIMIT", 1]]
  ↳ app/controllers/users_controller.rb:5
Completed 200 OK in 2ms (Views: 0.4ms | ActiveRecord: 0.5ms)


Started GET "/users/marcus" for ::1 at 2019-07-17 15:58:56 +0100
  [1m[35m (0.8ms)[0m  [1m[34mSELECT "schema_migrations"."version" FROM "schema_migrations" ORDER BY "schema_migrations"."version" ASC[0m
  ↳ /Users/marcusmellor/.rvm/gems/ruby-2.6.1/gems/activerecord-5.2.3/lib/active_record/log_subscriber.rb:98
Processing by UsersController#show as HTML
  Parameters: {"id"=>"marcus"}
  [1m[36mUser Load (0.9ms)[0m  [1m[34mSELECT  "users".* FROM "users" WHERE (user_name='marcus') ORDER BY "users"."id" ASC LIMIT $1[0m  [["LIMIT", 1]]
  ↳ app/controllers/users_controller.rb:5
Completed 200 OK in 24ms (Views: 0.8ms | ActiveRecord: 7.7ms)


Started GET "/users?id=marcus" for ::1 at 2019-07-17 16:01:54 +0100
  
ActionController::RoutingError (No route matches [GET] "/users"):
  
actionpack (5.2.3) lib/action_dispatch/middleware/debug_exceptions.rb:65:in `call'
actionpack (5.2.3) lib/action_dispatch/middleware/show_exceptions.rb:33:in `call'
railties (5.2.3) lib/rails/rack/logger.rb:38:in `call_app'
railties (5.2.3) lib/rails/rack/logger.rb:26:in `block in call'
activesupport (5.2.3) lib/active_support/tagged_logging.rb:71:in `block in tagged'
activesupport (5.2.3) lib/active_support/tagged_logging.rb:28:in `tagged'
activesupport (5.2.3) lib/active_support/tagged_logging.rb:71:in `tagged'
railties (5.2.3) lib/rails/rack/logger.rb:26:in `call'
actionpack (5.2.3) lib/action_dispatch/middleware/remote_ip.rb:81:in `call'
actionpack (5.2.3) lib/action_dispatch/middleware/request_id.rb:27:in `call'
rack (2.0.7) lib/rack/runtime.rb:22:in `call'
activesupport (5.2.3) lib/active_support/cache/strategy/local_cache_middleware.rb:29:in `call'
actionpack (5.2.3) lib/action_dispatch/middleware/executor.rb:14:in `call'
actionpack (5.2.3) lib/action_dispatch/middleware/static.rb:127:in `call'
rack (2.0.7) lib/rack/sendfile.rb:111:in `call'
railties (5.2.3) lib/rails/engine.rb:524:in `call'
puma (3.12.1) lib/puma/configuration.rb:227:in `call'
puma (3.12.1) lib/puma/server.rb:660:in `handle_request'
puma (3.12.1) lib/puma/server.rb:474:in `process_client'
puma (3.12.1) lib/puma/server.rb:334:in `block in run'
puma (3.12.1) lib/puma/thread_pool.rb:135:in `block in spawn_thread'
Started GET "/users/marcus" for ::1 at 2019-07-17 16:02:19 +0100
Processing by UsersController#show as */*
  Parameters: {"id"=>"marcus"}
  [1m[36mUser Load (1.4ms)[0m  [1m[34mSELECT  "users".* FROM "users" WHERE (user_name='marcus') ORDER BY "users"."id" ASC LIMIT $1[0m  [["LIMIT", 1]]
  ↳ app/controllers/users_controller.rb:5
Completed 200 OK in 3ms (Views: 0.3ms | ActiveRecord: 1.4ms)


Started GET "/users/marcu" for ::1 at 2019-07-17 16:05:36 +0100
Processing by UsersController#show as */*
  Parameters: {"id"=>"marcu"}
  [1m[36mUser Load (0.5ms)[0m  [1m[34mSELECT  "users".* FROM "users" WHERE (user_name='marcu') ORDER BY "users"."id" ASC LIMIT $1[0m  [["LIMIT", 1]]
  ↳ app/controllers/users_controller.rb:5
Completed 204 No Content in 1ms (ActiveRecord: 0.5ms)


Started GET "/uers/marcu" for ::1 at 2019-07-17 16:05:40 +0100
  
ActionController::RoutingError (No route matches [GET] "/uers/marcu"):
  
actionpack (5.2.3) lib/action_dispatch/middleware/debug_exceptions.rb:65:in `call'
actionpack (5.2.3) lib/action_dispatch/middleware/show_exceptions.rb:33:in `call'
railties (5.2.3) lib/rails/rack/logger.rb:38:in `call_app'
railties (5.2.3) lib/rails/rack/logger.rb:26:in `block in call'
activesupport (5.2.3) lib/active_support/tagged_logging.rb:71:in `block in tagged'
activesupport (5.2.3) lib/active_support/tagged_logging.rb:28:in `tagged'
activesupport (5.2.3) lib/active_support/tagged_logging.rb:71:in `tagged'
railties (5.2.3) lib/rails/rack/logger.rb:26:in `call'
actionpack (5.2.3) lib/action_dispatch/middleware/remote_ip.rb:81:in `call'
actionpack (5.2.3) lib/action_dispatch/middleware/request_id.rb:27:in `call'
rack (2.0.7) lib/rack/runtime.rb:22:in `call'
activesupport (5.2.3) lib/active_support/cache/strategy/local_cache_middleware.rb:29:in `call'
actionpack (5.2.3) lib/action_dispatch/middleware/executor.rb:14:in `call'
actionpack (5.2.3) lib/action_dispatch/middleware/static.rb:127:in `call'
rack (2.0.7) lib/rack/sendfile.rb:111:in `call'
railties (5.2.3) lib/rails/engine.rb:524:in `call'
puma (3.12.1) lib/puma/configuration.rb:227:in `call'
puma (3.12.1) lib/puma/server.rb:660:in `handle_request'
puma (3.12.1) lib/puma/server.rb:474:in `process_client'
puma (3.12.1) lib/puma/server.rb:334:in `block in run'
puma (3.12.1) lib/puma/thread_pool.rb:135:in `block in spawn_thread'
Started GET "/users/marcus" for ::1 at 2019-07-17 16:05:45 +0100
Processing by UsersController#show as */*
  Parameters: {"id"=>"marcus"}
  [1m[36mUser Load (0.6ms)[0m  [1m[34mSELECT  "users".* FROM "users" WHERE (user_name='marcus') ORDER BY "users"."id" ASC LIMIT $1[0m  [["LIMIT", 1]]
  ↳ app/controllers/users_controller.rb:5
Completed 200 OK in 2ms (Views: 0.3ms | ActiveRecord: 0.6ms)


Started GET "/auth/creat" for ::1 at 2019-07-17 16:05:59 +0100
  
ActionController::RoutingError (No route matches [GET] "/auth/creat"):
  
actionpack (5.2.3) lib/action_dispatch/middleware/debug_exceptions.rb:65:in `call'
actionpack (5.2.3) lib/action_dispatch/middleware/show_exceptions.rb:33:in `call'
railties (5.2.3) lib/rails/rack/logger.rb:38:in `call_app'
railties (5.2.3) lib/rails/rack/logger.rb:26:in `block in call'
activesupport (5.2.3) lib/active_support/tagged_logging.rb:71:in `block in tagged'
activesupport (5.2.3) lib/active_support/tagged_logging.rb:28:in `tagged'
activesupport (5.2.3) lib/active_support/tagged_logging.rb:71:in `tagged'
railties (5.2.3) lib/rails/rack/logger.rb:26:in `call'
actionpack (5.2.3) lib/action_dispatch/middleware/remote_ip.rb:81:in `call'
actionpack (5.2.3) lib/action_dispatch/middleware/request_id.rb:27:in `call'
rack (2.0.7) lib/rack/runtime.rb:22:in `call'
activesupport (5.2.3) lib/active_support/cache/strategy/local_cache_middleware.rb:29:in `call'
actionpack (5.2.3) lib/action_dispatch/middleware/executor.rb:14:in `call'
actionpack (5.2.3) lib/action_dispatch/middleware/static.rb:127:in `call'
rack (2.0.7) lib/rack/sendfile.rb:111:in `call'
railties (5.2.3) lib/rails/engine.rb:524:in `call'
puma (3.12.1) lib/puma/configuration.rb:227:in `call'
puma (3.12.1) lib/puma/server.rb:660:in `handle_request'
puma (3.12.1) lib/puma/server.rb:474:in `process_client'
puma (3.12.1) lib/puma/server.rb:334:in `block in run'
puma (3.12.1) lib/puma/thread_pool.rb:135:in `block in spawn_thread'
Started GET "/auth/create" for ::1 at 2019-07-17 16:06:15 +0100
  
ActionController::RoutingError (No route matches [GET] "/auth/create"):
  
actionpack (5.2.3) lib/action_dispatch/middleware/debug_exceptions.rb:65:in `call'
actionpack (5.2.3) lib/action_dispatch/middleware/show_exceptions.rb:33:in `call'
railties (5.2.3) lib/rails/rack/logger.rb:38:in `call_app'
railties (5.2.3) lib/rails/rack/logger.rb:26:in `block in call'
activesupport (5.2.3) lib/active_support/tagged_logging.rb:71:in `block in tagged'
activesupport (5.2.3) lib/active_support/tagged_logging.rb:28:in `tagged'
activesupport (5.2.3) lib/active_support/tagged_logging.rb:71:in `tagged'
railties (5.2.3) lib/rails/rack/logger.rb:26:in `call'
actionpack (5.2.3) lib/action_dispatch/middleware/remote_ip.rb:81:in `call'
actionpack (5.2.3) lib/action_dispatch/middleware/request_id.rb:27:in `call'
rack (2.0.7) lib/rack/runtime.rb:22:in `call'
activesupport (5.2.3) lib/active_support/cache/strategy/local_cache_middleware.rb:29:in `call'
actionpack (5.2.3) lib/action_dispatch/middleware/executor.rb:14:in `call'
actionpack (5.2.3) lib/action_dispatch/middleware/static.rb:127:in `call'
rack (2.0.7) lib/rack/sendfile.rb:111:in `call'
railties (5.2.3) lib/rails/engine.rb:524:in `call'
puma (3.12.1) lib/puma/configuration.rb:227:in `call'
puma (3.12.1) lib/puma/server.rb:660:in `handle_request'
puma (3.12.1) lib/puma/server.rb:474:in `process_client'
puma (3.12.1) lib/puma/server.rb:334:in `block in run'
puma (3.12.1) lib/puma/thread_pool.rb:135:in `block in spawn_thread'
Started POST "/users/marcus" for ::1 at 2019-07-17 16:07:11 +0100
  
ActionController::RoutingError (No route matches [POST] "/users/marcus"):
  
actionpack (5.2.3) lib/action_dispatch/middleware/debug_exceptions.rb:65:in `call'
actionpack (5.2.3) lib/action_dispatch/middleware/show_exceptions.rb:33:in `call'
railties (5.2.3) lib/rails/rack/logger.rb:38:in `call_app'
railties (5.2.3) lib/rails/rack/logger.rb:26:in `block in call'
activesupport (5.2.3) lib/active_support/tagged_logging.rb:71:in `block in tagged'
activesupport (5.2.3) lib/active_support/tagged_logging.rb:28:in `tagged'
activesupport (5.2.3) lib/active_support/tagged_logging.rb:71:in `tagged'
railties (5.2.3) lib/rails/rack/logger.rb:26:in `call'
actionpack (5.2.3) lib/action_dispatch/middleware/remote_ip.rb:81:in `call'
actionpack (5.2.3) lib/action_dispatch/middleware/request_id.rb:27:in `call'
rack (2.0.7) lib/rack/runtime.rb:22:in `call'
activesupport (5.2.3) lib/active_support/cache/strategy/local_cache_middleware.rb:29:in `call'
actionpack (5.2.3) lib/action_dispatch/middleware/executor.rb:14:in `call'
actionpack (5.2.3) lib/action_dispatch/middleware/static.rb:127:in `call'
rack (2.0.7) lib/rack/sendfile.rb:111:in `call'
railties (5.2.3) lib/rails/engine.rb:524:in `call'
puma (3.12.1) lib/puma/configuration.rb:227:in `call'
puma (3.12.1) lib/puma/server.rb:660:in `handle_request'
puma (3.12.1) lib/puma/server.rb:474:in `process_client'
puma (3.12.1) lib/puma/server.rb:334:in `block in run'
puma (3.12.1) lib/puma/thread_pool.rb:135:in `block in spawn_thread'
Started GET "/users/marcus" for ::1 at 2019-07-17 16:07:23 +0100
Processing by UsersController#show as */*
  Parameters: {"id"=>"marcus"}
  [1m[36mUser Load (1.1ms)[0m  [1m[34mSELECT  "users".* FROM "users" WHERE (user_name='marcus') ORDER BY "users"."id" ASC LIMIT $1[0m  [["LIMIT", 1]]
  ↳ app/controllers/users_controller.rb:5
Completed 200 OK in 3ms (Views: 0.5ms | ActiveRecord: 1.1ms)


Started GET "/users/marcus" for ::1 at 2019-07-17 16:13:45 +0100
Processing by UsersController#show as */*
  Parameters: {"id"=>"marcus"}
  [1m[36mUser Load (1.3ms)[0m  [1m[34mSELECT  "users".* FROM "users" WHERE (user_name='marcus') ORDER BY "users"."id" ASC LIMIT $1[0m  [["LIMIT", 1]]
  ↳ app/controllers/users_controller.rb:5
Completed 200 OK in 3ms (Views: 0.3ms | ActiveRecord: 1.3ms)


Started GET "/users/marcus" for ::1 at 2019-07-17 16:19:06 +0100
Processing by UsersController#show as HTML
  Parameters: {"id"=>"marcus"}
  [1m[36mUser Load (1.3ms)[0m  [1m[34mSELECT  "users".* FROM "users" WHERE (user_name='marcus') ORDER BY "users"."id" ASC LIMIT $1[0m  [["LIMIT", 1]]
  ↳ app/controllers/users_controller.rb:10
Completed 500 Internal Server Error in 26ms (ActiveRecord: 11.4ms)


  
NameError (uninitialized constant ApplicationController::JWT):
  
app/controllers/application_controller.rb:5:in `issue_token'
app/controllers/users_controller.rb:13:in `show'
Started GET "/users/marcus" for ::1 at 2019-07-17 16:20:36 +0100
  [1m[35m (1.3ms)[0m  [1m[34mSELECT "schema_migrations"."version" FROM "schema_migrations" ORDER BY "schema_migrations"."version" ASC[0m
  ↳ /Users/marcusmellor/.rvm/gems/ruby-2.6.1/gems/activerecord-5.2.3/lib/active_record/log_subscriber.rb:98
Processing by UsersController#show as HTML
  Parameters: {"id"=>"marcus"}
  [1m[36mUser Load (1.5ms)[0m  [1m[34mSELECT  "users".* FROM "users" WHERE (user_name='marcus') ORDER BY "users"."id" ASC LIMIT $1[0m  [["LIMIT", 1]]
  ↳ app/controllers/users_controller.rb:10
Completed 500 Internal Server Error in 25ms (ActiveRecord: 9.5ms)


  
NameError (uninitialized constant ApplicationController::JWT):
  
app/controllers/application_controller.rb:5:in `issue_token'
app/controllers/users_controller.rb:13:in `show'
Started GET "/users/marcus" for ::1 at 2019-07-17 16:29:31 +0100
  [1m[35m (0.7ms)[0m  [1m[34mSELECT "schema_migrations"."version" FROM "schema_migrations" ORDER BY "schema_migrations"."version" ASC[0m
  ↳ /Users/marcusmellor/.rvm/gems/ruby-2.6.1/gems/activerecord-5.2.3/lib/active_record/log_subscriber.rb:98
Processing by UsersController#show as HTML
  Parameters: {"id"=>"marcus"}
  [1m[36mUser Load (0.9ms)[0m  [1m[34mSELECT  "users".* FROM "users" WHERE (user_name='marcus') ORDER BY "users"."id" ASC LIMIT $1[0m  [["LIMIT", 1]]
  ↳ app/controllers/users_controller.rb:10
Completed 200 OK in 36ms (Views: 0.5ms | ActiveRecord: 7.9ms)


Started GET "/users/marcus" for ::1 at 2019-07-17 16:30:26 +0100
Processing by UsersController#show as */*
  Parameters: {"id"=>"marcus"}
  [1m[36mUser Load (0.7ms)[0m  [1m[34mSELECT  "users".* FROM "users" WHERE (user_name='marcus') ORDER BY "users"."id" ASC LIMIT $1[0m  [["LIMIT", 1]]
  ↳ app/controllers/users_controller.rb:10
Completed 200 OK in 2ms (Views: 0.4ms | ActiveRecord: 0.7ms)


Started GET "/usrs/marcus" for ::1 at 2019-07-17 16:31:04 +0100
  
ActionController::RoutingError (No route matches [GET] "/usrs/marcus"):
  
actionpack (5.2.3) lib/action_dispatch/middleware/debug_exceptions.rb:65:in `call'
actionpack (5.2.3) lib/action_dispatch/middleware/show_exceptions.rb:33:in `call'
railties (5.2.3) lib/rails/rack/logger.rb:38:in `call_app'
railties (5.2.3) lib/rails/rack/logger.rb:26:in `block in call'
activesupport (5.2.3) lib/active_support/tagged_logging.rb:71:in `block in tagged'
activesupport (5.2.3) lib/active_support/tagged_logging.rb:28:in `tagged'
activesupport (5.2.3) lib/active_support/tagged_logging.rb:71:in `tagged'
railties (5.2.3) lib/rails/rack/logger.rb:26:in `call'
actionpack (5.2.3) lib/action_dispatch/middleware/remote_ip.rb:81:in `call'
actionpack (5.2.3) lib/action_dispatch/middleware/request_id.rb:27:in `call'
rack (2.0.7) lib/rack/runtime.rb:22:in `call'
activesupport (5.2.3) lib/active_support/cache/strategy/local_cache_middleware.rb:29:in `call'
actionpack (5.2.3) lib/action_dispatch/middleware/executor.rb:14:in `call'
actionpack (5.2.3) lib/action_dispatch/middleware/static.rb:127:in `call'
rack (2.0.7) lib/rack/sendfile.rb:111:in `call'
railties (5.2.3) lib/rails/engine.rb:524:in `call'
puma (3.12.1) lib/puma/configuration.rb:227:in `call'
puma (3.12.1) lib/puma/server.rb:660:in `handle_request'
puma (3.12.1) lib/puma/server.rb:474:in `process_client'
puma (3.12.1) lib/puma/server.rb:334:in `block in run'
puma (3.12.1) lib/puma/thread_pool.rb:135:in `block in spawn_thread'
Started GET "/users/marcus" for ::1 at 2019-07-17 16:31:11 +0100
Processing by UsersController#show as */*
  Parameters: {"id"=>"marcus"}
  [1m[36mUser Load (0.5ms)[0m  [1m[34mSELECT  "users".* FROM "users" WHERE (user_name='marcus') ORDER BY "users"."id" ASC LIMIT $1[0m  [["LIMIT", 1]]
  ↳ app/controllers/users_controller.rb:10
Completed 200 OK in 2ms (Views: 0.3ms | ActiveRecord: 0.5ms)


Started GET "/auth/create" for ::1 at 2019-07-17 16:31:54 +0100
  
ActionController::RoutingError (No route matches [GET] "/auth/create"):
  
actionpack (5.2.3) lib/action_dispatch/middleware/debug_exceptions.rb:65:in `call'
actionpack (5.2.3) lib/action_dispatch/middleware/show_exceptions.rb:33:in `call'
railties (5.2.3) lib/rails/rack/logger.rb:38:in `call_app'
railties (5.2.3) lib/rails/rack/logger.rb:26:in `block in call'
activesupport (5.2.3) lib/active_support/tagged_logging.rb:71:in `block in tagged'
activesupport (5.2.3) lib/active_support/tagged_logging.rb:28:in `tagged'
activesupport (5.2.3) lib/active_support/tagged_logging.rb:71:in `tagged'
railties (5.2.3) lib/rails/rack/logger.rb:26:in `call'
actionpack (5.2.3) lib/action_dispatch/middleware/remote_ip.rb:81:in `call'
actionpack (5.2.3) lib/action_dispatch/middleware/request_id.rb:27:in `call'
rack (2.0.7) lib/rack/runtime.rb:22:in `call'
activesupport (5.2.3) lib/active_support/cache/strategy/local_cache_middleware.rb:29:in `call'
actionpack (5.2.3) lib/action_dispatch/middleware/executor.rb:14:in `call'
actionpack (5.2.3) lib/action_dispatch/middleware/static.rb:127:in `call'
rack (2.0.7) lib/rack/sendfile.rb:111:in `call'
railties (5.2.3) lib/rails/engine.rb:524:in `call'
puma (3.12.1) lib/puma/configuration.rb:227:in `call'
puma (3.12.1) lib/puma/server.rb:660:in `handle_request'
puma (3.12.1) lib/puma/server.rb:474:in `process_client'
puma (3.12.1) lib/puma/server.rb:334:in `block in run'
puma (3.12.1) lib/puma/thread_pool.rb:135:in `block in spawn_thread'
Started GET "/users/marcus" for ::1 at 2019-07-17 16:32:27 +0100
Processing by UsersController#show as */*
  Parameters: {"id"=>"marcus"}
  [1m[36mUser Load (0.6ms)[0m  [1m[34mSELECT  "users".* FROM "users" WHERE (user_name='marcus') ORDER BY "users"."id" ASC LIMIT $1[0m  [["LIMIT", 1]]
  ↳ app/controllers/users_controller.rb:10
Completed 200 OK in 2ms (Views: 0.3ms | ActiveRecord: 0.6ms)


Started GET "/usrs/marcus" for ::1 at 2019-07-17 16:32:31 +0100
  
ActionController::RoutingError (No route matches [GET] "/usrs/marcus"):
  
actionpack (5.2.3) lib/action_dispatch/middleware/debug_exceptions.rb:65:in `call'
actionpack (5.2.3) lib/action_dispatch/middleware/show_exceptions.rb:33:in `call'
railties (5.2.3) lib/rails/rack/logger.rb:38:in `call_app'
railties (5.2.3) lib/rails/rack/logger.rb:26:in `block in call'
activesupport (5.2.3) lib/active_support/tagged_logging.rb:71:in `block in tagged'
activesupport (5.2.3) lib/active_support/tagged_logging.rb:28:in `tagged'
activesupport (5.2.3) lib/active_support/tagged_logging.rb:71:in `tagged'
railties (5.2.3) lib/rails/rack/logger.rb:26:in `call'
actionpack (5.2.3) lib/action_dispatch/middleware/remote_ip.rb:81:in `call'
actionpack (5.2.3) lib/action_dispatch/middleware/request_id.rb:27:in `call'
rack (2.0.7) lib/rack/runtime.rb:22:in `call'
activesupport (5.2.3) lib/active_support/cache/strategy/local_cache_middleware.rb:29:in `call'
actionpack (5.2.3) lib/action_dispatch/middleware/executor.rb:14:in `call'
actionpack (5.2.3) lib/action_dispatch/middleware/static.rb:127:in `call'
rack (2.0.7) lib/rack/sendfile.rb:111:in `call'
railties (5.2.3) lib/rails/engine.rb:524:in `call'
puma (3.12.1) lib/puma/configuration.rb:227:in `call'
puma (3.12.1) lib/puma/server.rb:660:in `handle_request'
puma (3.12.1) lib/puma/server.rb:474:in `process_client'
puma (3.12.1) lib/puma/server.rb:334:in `block in run'
puma (3.12.1) lib/puma/thread_pool.rb:135:in `block in spawn_thread'
Started GET "/usrs/marcus" for ::1 at 2019-07-17 16:32:51 +0100
  
ActionController::RoutingError (No route matches [GET] "/usrs/marcus"):
  
actionpack (5.2.3) lib/action_dispatch/middleware/debug_exceptions.rb:65:in `call'
actionpack (5.2.3) lib/action_dispatch/middleware/show_exceptions.rb:33:in `call'
railties (5.2.3) lib/rails/rack/logger.rb:38:in `call_app'
railties (5.2.3) lib/rails/rack/logger.rb:26:in `block in call'
activesupport (5.2.3) lib/active_support/tagged_logging.rb:71:in `block in tagged'
activesupport (5.2.3) lib/active_support/tagged_logging.rb:28:in `tagged'
activesupport (5.2.3) lib/active_support/tagged_logging.rb:71:in `tagged'
railties (5.2.3) lib/rails/rack/logger.rb:26:in `call'
actionpack (5.2.3) lib/action_dispatch/middleware/remote_ip.rb:81:in `call'
actionpack (5.2.3) lib/action_dispatch/middleware/request_id.rb:27:in `call'
rack (2.0.7) lib/rack/runtime.rb:22:in `call'
activesupport (5.2.3) lib/active_support/cache/strategy/local_cache_middleware.rb:29:in `call'
actionpack (5.2.3) lib/action_dispatch/middleware/executor.rb:14:in `call'
actionpack (5.2.3) lib/action_dispatch/middleware/static.rb:127:in `call'
rack (2.0.7) lib/rack/sendfile.rb:111:in `call'
railties (5.2.3) lib/rails/engine.rb:524:in `call'
puma (3.12.1) lib/puma/configuration.rb:227:in `call'
puma (3.12.1) lib/puma/server.rb:660:in `handle_request'
puma (3.12.1) lib/puma/server.rb:474:in `process_client'
puma (3.12.1) lib/puma/server.rb:334:in `block in run'
puma (3.12.1) lib/puma/thread_pool.rb:135:in `block in spawn_thread'
Started POST "/auth/create" for ::1 at 2019-07-17 16:34:18 +0100
Processing by AuthController#create as */*
  Parameters: {"user_name"=>"marcus", "password"=>"[FILTERED]"}
  [1m[36mUser Load (0.6ms)[0m  [1m[34mSELECT  "users".* FROM "users" WHERE "users"."user_name" = $1 LIMIT $2[0m  [["user_name", "marcus"], ["LIMIT", 1]]
  ↳ app/controllers/auth_controller.rb:3
Completed 200 OK in 222ms (Views: 0.4ms | ActiveRecord: 0.9ms)


Started POST "/auth/create" for ::1 at 2019-07-17 16:34:40 +0100
Processing by AuthController#create as */*
  Parameters: {"user_name"=>"marcus", "password"=>"[FILTERED]"}
  [1m[36mUser Load (0.4ms)[0m  [1m[34mSELECT  "users".* FROM "users" WHERE "users"."user_name" = $1 LIMIT $2[0m  [["user_name", "marcus"], ["LIMIT", 1]]
  ↳ app/controllers/auth_controller.rb:3
Completed 200 OK in 216ms (Views: 0.3ms | ActiveRecord: 0.4ms)


Started GET "/users/marcus" for ::1 at 2019-07-17 16:37:50 +0100
Processing by UsersController#show as */*
  Parameters: {"user_name"=>"marcus", "password"=>"[FILTERED]", "id"=>"marcus"}
Completed 204 No Content in 0ms (ActiveRecord: 0.0ms)


Started GET "/users/marcus" for ::1 at 2019-07-17 16:38:19 +0100
Processing by UsersController#show as */*
  Parameters: {"user_name"=>"marcus", "password"=>"[FILTERED]", "id"=>"marcus"}
  [1m[36mUser Load (0.5ms)[0m  [1m[34mSELECT  "users".* FROM "users" WHERE "users"."id" = $1 LIMIT $2[0m  [["id", 1], ["LIMIT", 1]]
  ↳ app/controllers/application_controller.rb:23
Completed 200 OK in 26ms (Views: 0.4ms | ActiveRecord: 10.1ms)


Started GET "/users/marcus" for ::1 at 2019-07-17 16:38:31 +0100
Processing by UsersController#show as */*
  Parameters: {"user_name"=>"marcus", "password"=>"[FILTERED]", "id"=>"marcus"}
  [1m[36mUser Load (0.5ms)[0m  [1m[34mSELECT  "users".* FROM "users" WHERE "users"."id" = $1 LIMIT $2[0m  [["id", 1], ["LIMIT", 1]]
  ↳ app/controllers/application_controller.rb:23
Completed 200 OK in 2ms (Views: 0.5ms | ActiveRecord: 0.5ms)


Started GET "/users" for ::1 at 2019-07-17 16:38:36 +0100
  
ActionController::RoutingError (No route matches [GET] "/users"):
  
actionpack (5.2.3) lib/action_dispatch/middleware/debug_exceptions.rb:65:in `call'
actionpack (5.2.3) lib/action_dispatch/middleware/show_exceptions.rb:33:in `call'
railties (5.2.3) lib/rails/rack/logger.rb:38:in `call_app'
railties (5.2.3) lib/rails/rack/logger.rb:26:in `block in call'
activesupport (5.2.3) lib/active_support/tagged_logging.rb:71:in `block in tagged'
activesupport (5.2.3) lib/active_support/tagged_logging.rb:28:in `tagged'
activesupport (5.2.3) lib/active_support/tagged_logging.rb:71:in `tagged'
railties (5.2.3) lib/rails/rack/logger.rb:26:in `call'
actionpack (5.2.3) lib/action_dispatch/middleware/remote_ip.rb:81:in `call'
actionpack (5.2.3) lib/action_dispatch/middleware/request_id.rb:27:in `call'
rack (2.0.7) lib/rack/runtime.rb:22:in `call'
activesupport (5.2.3) lib/active_support/cache/strategy/local_cache_middleware.rb:29:in `call'
actionpack (5.2.3) lib/action_dispatch/middleware/executor.rb:14:in `call'
actionpack (5.2.3) lib/action_dispatch/middleware/static.rb:127:in `call'
rack (2.0.7) lib/rack/sendfile.rb:111:in `call'
railties (5.2.3) lib/rails/engine.rb:524:in `call'
puma (3.12.1) lib/puma/configuration.rb:227:in `call'
puma (3.12.1) lib/puma/server.rb:660:in `handle_request'
puma (3.12.1) lib/puma/server.rb:474:in `process_client'
puma (3.12.1) lib/puma/server.rb:334:in `block in run'
puma (3.12.1) lib/puma/thread_pool.rb:135:in `block in spawn_thread'
Started GET "/users/marcus" for ::1 at 2019-07-17 16:38:41 +0100
Processing by UsersController#show as */*
  Parameters: {"user_name"=>"marcus", "password"=>"[FILTERED]", "id"=>"marcus"}
  [1m[36mUser Load (0.7ms)[0m  [1m[34mSELECT  "users".* FROM "users" WHERE "users"."id" = $1 LIMIT $2[0m  [["id", 1], ["LIMIT", 1]]
  ↳ app/controllers/application_controller.rb:23
Completed 200 OK in 2ms (Views: 0.4ms | ActiveRecord: 0.7ms)


Started GET "/users/marc" for ::1 at 2019-07-17 16:38:47 +0100
Processing by UsersController#show as */*
  Parameters: {"user_name"=>"marcus", "password"=>"[FILTERED]", "id"=>"marc"}
  [1m[36mUser Load (0.4ms)[0m  [1m[34mSELECT  "users".* FROM "users" WHERE "users"."id" = $1 LIMIT $2[0m  [["id", 1], ["LIMIT", 1]]
  ↳ app/controllers/application_controller.rb:23
Completed 200 OK in 2ms (Views: 0.4ms | ActiveRecord: 0.4ms)


Started POST "/weights" for ::1 at 2019-07-17 16:47:56 +0100
Processing by WeightsController#create as */*
  Parameters: {"detail"=>"{ weight_kg:100, weight_date_d:\"\", weight_date_t:\"\" }"}
  [1m[36mUser Load (0.5ms)[0m  [1m[34mSELECT  "users".* FROM "users" WHERE "users"."id" = $1 LIMIT $2[0m  [["id", 1], ["LIMIT", 1]]
  ↳ app/controllers/application_controller.rb:23
Completed 500 Internal Server Error in 38ms (ActiveRecord: 13.6ms)


  
TypeError (no implicit conversion of Symbol into Integer):
  
app/controllers/weights_controller.rb:23:in `[]'
app/controllers/weights_controller.rb:23:in `create'
Started POST "/weights" for ::1 at 2019-07-17 16:49:04 +0100
Processing by WeightsController#create as */*
  Parameters: {"detail"=>"{ weight_kg:100, weight_date_d:\"\", weight_date_t:\"\" }"}
  [1m[36mUser Load (0.3ms)[0m  [1m[34mSELECT  "users".* FROM "users" WHERE "users"."id" = $1 LIMIT $2[0m  [["id", 1], ["LIMIT", 1]]
  ↳ app/controllers/application_controller.rb:23
Completed 500 Internal Server Error in 311628ms (ActiveRecord: 6.7ms)


  
TypeError (no implicit conversion of Symbol into Integer):
  
app/controllers/weights_controller.rb:24:in `[]'
app/controllers/weights_controller.rb:24:in `create'
Started POST "/weights" for ::1 at 2019-07-17 16:54:42 +0100
Processing by WeightsController#create as */*
  Parameters: {"detail"=>{"weight_date_d"=>"", "weight_date_t"=>""}}
  [1m[36mUser Load (0.8ms)[0m  [1m[34mSELECT  "users".* FROM "users" WHERE "users"."id" = $1 LIMIT $2[0m  [["id", 1], ["LIMIT", 1]]
  ↳ app/controllers/application_controller.rb:23
  [1m[35m (0.1ms)[0m  [1m[35mBEGIN[0m
  ↳ app/controllers/weights_controller.rb:36
  [1m[36mCACHE User Load (0.0ms)[0m  [1m[34mSELECT  "users".* FROM "users" WHERE "users"."id" = $1 LIMIT $2[0m  [["id", 1], ["LIMIT", 1]]
  ↳ app/controllers/weights_controller.rb:36
  [1m[36mWeight Create (4.0ms)[0m  [1m[32mINSERT INTO "weights" ("user_id", "weight_date", "created_at", "updated_at") VALUES ($1, $2, $3, $4) RETURNING "id"[0m  [["user_id", 1], ["weight_date", "2019-07-17 15:55:00"], ["created_at", "2019-07-17 15:55:24.012430"], ["updated_at", "2019-07-17 15:55:24.012430"]]
  ↳ app/controllers/weights_controller.rb:36
  [1m[35m (0.6ms)[0m  [1m[35mCOMMIT[0m
  ↳ app/controllers/weights_controller.rb:36
Completed 200 OK in 41321ms (Views: 0.3ms | ActiveRecord: 10.9ms)


Started POST "/weights" for ::1 at 2019-07-17 16:55:32 +0100
Processing by WeightsController#create as */*
  Parameters: {"detail"=>{"weight_kg"=>"100", "weight_date_d"=>"", "weight_date_t"=>""}}
  [1m[36mUser Load (0.4ms)[0m  [1m[34mSELECT  "users".* FROM "users" WHERE "users"."id" = $1 LIMIT $2[0m  [["id", 1], ["LIMIT", 1]]
  ↳ app/controllers/application_controller.rb:23
  [1m[35m (0.3ms)[0m  [1m[35mBEGIN[0m
  ↳ app/controllers/weights_controller.rb:36
  [1m[36mCACHE User Load (0.0ms)[0m  [1m[34mSELECT  "users".* FROM "users" WHERE "users"."id" = $1 LIMIT $2[0m  [["id", 1], ["LIMIT", 1]]
  ↳ app/controllers/weights_controller.rb:36
  [1m[36mWeight Create (4.3ms)[0m  [1m[32mINSERT INTO "weights" ("user_id", "weight_kg", "weight_date", "created_at", "updated_at") VALUES ($1, $2, $3, $4, $5) RETURNING "id"[0m  [["user_id", 1], ["weight_kg", 100.0], ["weight_date", "2019-07-17 15:55:00"], ["created_at", "2019-07-17 15:55:44.018972"], ["updated_at", "2019-07-17 15:55:44.018972"]]
  ↳ app/controllers/weights_controller.rb:36
  [1m[35m (0.5ms)[0m  [1m[35mCOMMIT[0m
  ↳ app/controllers/weights_controller.rb:36
Completed 200 OK in 11718ms (Views: 0.4ms | ActiveRecord: 5.5ms)


